<?xml version="1.0" encoding="UTF-8"?>
<!DOCTYPE html PUBLIC "-//W3C//DTD XHTML 1.0 Strict//EN" "http://www.w3.org/TR/xhtml1/DTD/xhtml1-strict.dtd">
<html xmlns="http://www.w3.org/1999/xhtml">
<head>
    <title>接口测试报告</title>
    <meta name="generator" content="HTMLTestRunner 0.8.2"/>
    <meta http-equiv="Content-Type" content="text/html; charset=UTF-8"/>
	<link rel="stylesheet" href="http://cdn.bootcss.com/bootstrap/3.3.0/css/bootstrap.min.css">
	<script src="http://cdn.bootcss.com/bootstrap/3.3.0/js/bootstrap.min.js"></script>
    
<style type="text/css" media="screen">
body        { font-family: verdana, arial, helvetica, sans-serif; font-size: 80%; }
table       { font-size: 100%; }
pre         { }

/* -- heading ---------------------------------------------------------------------- */
h1 {
	font-size: 16pt;
	color: gray;
}
.heading {
    margin-top: 0ex;
    margin-bottom: 1ex;
}

.heading .attribute {
    margin-top: 1ex;
    margin-bottom: 0;
}

.heading .description {
    margin-top: 4ex;
    margin-bottom: 6ex;
}

/* -- css div popup ------------------------------------------------------------------------ */
a.popup_link {
}

a.popup_link:hover {
    color: red;
}

.popup_window {
    display: none;
    position: relative;
    left: 0px;
    top: 0px;
    /*border: solid #627173 1px; */
    padding: 10px;
    background-color: #E6E6D6;
    font-family: "Lucida Console", "Courier New", Courier, monospace;
    text-align: left;
    font-size: 8pt;
    width: 500px;
}

}
/* -- report ------------------------------------------------------------------------ */
#show_detail_line {
    margin-top: 3ex;
    margin-bottom: 1ex;
}
#result_table {
    width: 80%;
    border-collapse: collapse;
    border: 1px solid #777;
}
#header_row {
    font-weight: bold;
    color: white;
    background-color: #777;
}
#result_table td {
    border: 1px solid #777;
    padding: 2px;
}
#total_row  { font-weight: bold; }
.passClass  { background-color: #6c6; }
.failClass  { background-color: #c60; }
.errorClass { background-color: #c00; }
.passCase   { color: #6c6; }
.failCase   { color: #c60; font-weight: bold; }
.errorCase  { color: #c00; font-weight: bold; }
.hiddenRow  { display: none; }
.testcase   { margin-left: 2em; }


/* -- ending ---------------------------------------------------------------------- */
#ending {
}

</style>

</head>
<body>
<script language="javascript" type="text/javascript"><!--
output_list = Array();

/* level - 0:Summary; 1:Failed; 2:All */
function showCase(level) {
    trs = document.getElementsByTagName("tr");
    for (var i = 0; i < trs.length; i++) {
        tr = trs[i];
        id = tr.id;
        if (id.substr(0,2) == 'ft') {
            if (level < 1) {
                tr.className = 'hiddenRow';
            }
            else {
                tr.className = '';
            }
        }
        if (id.substr(0,2) == 'pt') {
            if (level > 1) {
                tr.className = '';
            }
            else {
                tr.className = 'hiddenRow';
            }
        }
    }
}


function showClassDetail(cid, count) {
    var id_list = Array(count);
    var toHide = 1;
    for (var i = 0; i < count; i++) {
        tid0 = 't' + cid.substr(1) + '.' + (i+1);
        tid = 'f' + tid0;
        tr = document.getElementById(tid);
        if (!tr) {
            tid = 'p' + tid0;
            tr = document.getElementById(tid);
        }
        id_list[i] = tid;
        if (tr.className) {
            toHide = 0;
        }
    }
    for (var i = 0; i < count; i++) {
        tid = id_list[i];
        if (toHide) {
            document.getElementById('div_'+tid).style.display = 'none'
            document.getElementById(tid).className = 'hiddenRow';
        }
        else {
            document.getElementById(tid).className = '';
        }
    }
}


function showTestDetail(div_id){
    var details_div = document.getElementById(div_id)
    var displayState = details_div.style.display
    // alert(displayState)
    if (displayState != 'block' ) {
        displayState = 'block'
        details_div.style.display = 'block'
    }
    else {
        details_div.style.display = 'none'
    }
}


function html_escape(s) {
    s = s.replace(/&/g,'&amp;');
    s = s.replace(/</g,'&lt;');
    s = s.replace(/>/g,'&gt;');
    return s;
}

/* obsoleted by detail in <div>
function showOutput(id, name) {
    var w = window.open("", //url
                    name,
                    "resizable,scrollbars,status,width=800,height=450");
    d = w.document;
    d.write("<pre>");
    d.write(html_escape(output_list[id]));
    d.write("\n");
    d.write("<a href='javascript:window.close()'>close</a>\n");
    d.write("</pre>\n");
    d.close();
}
*/
--></script>

<div class='heading'>
<h1>接口测试报告</h1>
<p class='attribute'><strong>Start Time:</strong> 2019-02-18 22:20:56</p>
<p class='attribute'><strong>Duration:</strong> 0:02:45.768382</p>
<p class='attribute'><strong>Status:</strong> Pass 5 Error 5</p>

<p class='description'>报告如下</p>
</div>



<p id='show_detail_line'>Show
<a href='javascript:showCase(0)' class="btn btn-xs btn-primary">Summary</a>
<a href='javascript:showCase(1)' class="btn btn-xs btn-danger">Failed</a>
<a href='javascript:showCase(2)' class="btn btn-xs btn-info">All</a>
</p>
<table id='result_table'>
<colgroup>
<col align='left' />
<col align='right' />
<col align='right' />
<col align='right' />
<col align='right' />
<col align='right' />
</colgroup>
<tr id='header_row'>
    <td>Test Group/Test case</td>
    <td>Count</td>
    <td>Pass</td>
    <td>Fail</td>
    <td>Error</td>
    <td>View</td>
</tr>

<tr class='passClass'>
    <td>testBookExchange.testBookExchange</td>
    <td>1</td>
    <td>1</td>
    <td>0</td>
    <td>0</td>
    <td><a href="javascript:showClassDetail('c1',1)">Detail</a></td>
</tr>

<tr id='pt1.1' class='hiddenRow'>
    <td class='none'><div class='testcase'>test_book_exchange</div></td>
    <td colspan='5' align='center'>pass</td>
</tr>

<tr class='errorClass'>
    <td>testCanDaoLogin.testCanDaoLogin</td>
    <td>3</td>
    <td>0</td>
    <td>0</td>
    <td>3</td>
    <td><a href="javascript:showClassDetail('c2',3)">Detail</a></td>
</tr>

<tr id='ft2.1' class='none'>
    <td class='errorCase'><div class='testcase'>test_candao_login_1: dict() -> new empty dictionary</div></td>
    <td colspan='5' align='center'>

    <!--css div popup start-->
    <a class="popup_link" onfocus='this.blur();' href="javascript:showTestDetail('div_ft2.1')" >
        error</a>

    <div id='div_ft2.1' class="popup_window">
        <div style='text-align: right; color:red;cursor:pointer'>
        <a onfocus='this.blur();' onclick="document.getElementById('div_ft2.1').style.display = 'none' " >
           [x]</a>
        </div>
        <pre>
        
ft2.1: Traceback (most recent call last):
  File "G:\Python36\lib\site-packages\ddt.py", line 145, in wrapper
    return func(self, *args, **kwargs)
  File "G:\pycharm\PycharmProjects\wapTest\case\testCanDaoLogin.py", line 23, in test_candao_login
    result = self.candao.candao_page_element(data["username"],data["password"])
  File "G:\pycharm\PycharmProjects\wapTest\pageElement\candaoPageElement.py", line 13, in candao_page_element
    self.Utils.sendKeys((By.CSS_SELECTOR,"[name='account']"),username)
  File "G:\pycharm\PycharmProjects\wapTest\common\Utils.py", line 29, in sendKeys
    ele = self.findElement(loctor)
  File "G:\pycharm\PycharmProjects\wapTest\common\Utils.py", line 14, in findElement
    ele = WebDriverWait(self.driver,self.timeout,self.interval).until(lambda x: x.find_element(*loctor))
  File "G:\Python36\lib\site-packages\selenium\webdriver\support\wait.py", line 71, in until
    value = method(self._driver)
  File "G:\pycharm\PycharmProjects\wapTest\common\Utils.py", line 14, in &lt;lambda&gt;
    ele = WebDriverWait(self.driver,self.timeout,self.interval).until(lambda x: x.find_element(*loctor))
  File "G:\Python36\lib\site-packages\selenium\webdriver\remote\webdriver.py", line 978, in find_element
    'value': value})['value']
  File "G:\Python36\lib\site-packages\selenium\webdriver\remote\webdriver.py", line 321, in execute
    self.error_handler.check_response(response)
  File "G:\Python36\lib\site-packages\selenium\webdriver\remote\errorhandler.py", line 242, in check_response
    raise exception_class(message, screen, stacktrace)
selenium.common.exceptions.WebDriverException: Message: chrome not reachable
  (Session info: chrome=72.0.3626.81)
  (Driver info: chromedriver=2.46.628402 (536cd7adbad73a3783fdc2cab92ab2ba7ec361e1),platform=Windows NT 10.0.17134 x86_64)



        </pre>
    </div>
    <!--css div popup end-->

    </td>
</tr>

<tr id='ft2.2' class='none'>
    <td class='errorCase'><div class='testcase'>test_candao_login_2: dict() -> new empty dictionary</div></td>
    <td colspan='5' align='center'>

    <!--css div popup start-->
    <a class="popup_link" onfocus='this.blur();' href="javascript:showTestDetail('div_ft2.2')" >
        error</a>

    <div id='div_ft2.2' class="popup_window">
        <div style='text-align: right; color:red;cursor:pointer'>
        <a onfocus='this.blur();' onclick="document.getElementById('div_ft2.2').style.display = 'none' " >
           [x]</a>
        </div>
        <pre>
        
ft2.2: Traceback (most recent call last):
  File "G:\Python36\lib\site-packages\ddt.py", line 145, in wrapper
    return func(self, *args, **kwargs)
  File "G:\pycharm\PycharmProjects\wapTest\case\testCanDaoLogin.py", line 23, in test_candao_login
    result = self.candao.candao_page_element(data["username"],data["password"])
  File "G:\pycharm\PycharmProjects\wapTest\pageElement\candaoPageElement.py", line 13, in candao_page_element
    self.Utils.sendKeys((By.CSS_SELECTOR,"[name='account']"),username)
  File "G:\pycharm\PycharmProjects\wapTest\common\Utils.py", line 29, in sendKeys
    ele = self.findElement(loctor)
  File "G:\pycharm\PycharmProjects\wapTest\common\Utils.py", line 14, in findElement
    ele = WebDriverWait(self.driver,self.timeout,self.interval).until(lambda x: x.find_element(*loctor))
  File "G:\Python36\lib\site-packages\selenium\webdriver\support\wait.py", line 80, in until
    raise TimeoutException(message, screen, stacktrace)
selenium.common.exceptions.TimeoutException: Message: 



        </pre>
    </div>
    <!--css div popup end-->

    </td>
</tr>

<tr id='ft2.3' class='none'>
    <td class='errorCase'><div class='testcase'>test_candao_login_3: dict() -> new empty dictionary</div></td>
    <td colspan='5' align='center'>

    <!--css div popup start-->
    <a class="popup_link" onfocus='this.blur();' href="javascript:showTestDetail('div_ft2.3')" >
        error</a>

    <div id='div_ft2.3' class="popup_window">
        <div style='text-align: right; color:red;cursor:pointer'>
        <a onfocus='this.blur();' onclick="document.getElementById('div_ft2.3').style.display = 'none' " >
           [x]</a>
        </div>
        <pre>
        
ft2.3: Traceback (most recent call last):
  File "G:\Python36\lib\site-packages\ddt.py", line 145, in wrapper
    return func(self, *args, **kwargs)
  File "G:\pycharm\PycharmProjects\wapTest\case\testCanDaoLogin.py", line 23, in test_candao_login
    result = self.candao.candao_page_element(data["username"],data["password"])
  File "G:\pycharm\PycharmProjects\wapTest\pageElement\candaoPageElement.py", line 13, in candao_page_element
    self.Utils.sendKeys((By.CSS_SELECTOR,"[name='account']"),username)
  File "G:\pycharm\PycharmProjects\wapTest\common\Utils.py", line 29, in sendKeys
    ele = self.findElement(loctor)
  File "G:\pycharm\PycharmProjects\wapTest\common\Utils.py", line 14, in findElement
    ele = WebDriverWait(self.driver,self.timeout,self.interval).until(lambda x: x.find_element(*loctor))
  File "G:\Python36\lib\site-packages\selenium\webdriver\support\wait.py", line 80, in until
    raise TimeoutException(message, screen, stacktrace)
selenium.common.exceptions.TimeoutException: Message: 



        </pre>
    </div>
    <!--css div popup end-->

    </td>
</tr>

<tr class='errorClass'>
    <td>testMessageBoard.testMessageBoard</td>
    <td>4</td>
    <td>2</td>
    <td>0</td>
    <td>2</td>
    <td><a href="javascript:showClassDetail('c3',4)">Detail</a></td>
</tr>

<tr id='ft3.1' class='none'>
    <td class='errorCase'><div class='testcase'>test_message_hottest: 留言板最热页面测试</div></td>
    <td colspan='5' align='center'>

    <!--css div popup start-->
    <a class="popup_link" onfocus='this.blur();' href="javascript:showTestDetail('div_ft3.1')" >
        error</a>

    <div id='div_ft3.1' class="popup_window">
        <div style='text-align: right; color:red;cursor:pointer'>
        <a onfocus='this.blur();' onclick="document.getElementById('div_ft3.1').style.display = 'none' " >
           [x]</a>
        </div>
        <pre>
        
ft3.1: Traceback (most recent call last):
  File "G:\pycharm\PycharmProjects\wapTest\case\testMessageBoard.py", line 63, in test_message_hottest
    self.Utils.click((By.XPATH, "//section[@class='cmr-ar-msg']/div[last()-2]/a"))
  File "G:\pycharm\PycharmProjects\wapTest\common\Utils.py", line 25, in click
    ele.click()
  File "G:\Python36\lib\site-packages\selenium\webdriver\remote\webelement.py", line 80, in click
    self._execute(Command.CLICK_ELEMENT)
  File "G:\Python36\lib\site-packages\selenium\webdriver\remote\webelement.py", line 633, in _execute
    return self._parent.execute(command, params)
  File "G:\Python36\lib\site-packages\selenium\webdriver\remote\webdriver.py", line 321, in execute
    self.error_handler.check_response(response)
  File "G:\Python36\lib\site-packages\selenium\webdriver\remote\errorhandler.py", line 242, in check_response
    raise exception_class(message, screen, stacktrace)
selenium.common.exceptions.WebDriverException: Message: unknown error: Element &lt;a href="/nap/p/hishomepage.jsp?z=1&amp;amp;ln=1273_16276_3801_1_380_L2&amp;amp;mbid=e7P9Pu9%2Fg%2B2wKcSSaDcipQ%3D%3D&amp;amp;cm=M801005I&amp;amp;vt=3" class="cmr-ar-msgHead" data-reactid=".1.$plugincell16276.$16276.0.0.1.$9.0"&gt;...&lt;/a&gt; is not clickable at point (90, 529). Other element would receive the click: &lt;textarea placeholder="给作者大大留言~~~(5~2000字)" maxlength="2000" class="co-font-bigger cmr-mb-textarea symbol_textarea" style="height:2.333rem;line-height:2.333rem;padding:0 0.47rem;overflow:hidden;" data-reactid=".1.$plugincell16277.$16277.0.0.2.1"&gt;&lt;/textarea&gt;
  (Session info: chrome=72.0.3626.81)
  (Driver info: chromedriver=2.46.628402 (536cd7adbad73a3783fdc2cab92ab2ba7ec361e1),platform=Windows NT 10.0.17134 x86_64)



        </pre>
    </div>
    <!--css div popup end-->

    </td>
</tr>

<tr id='pt3.2' class='hiddenRow'>
    <td class='none'><div class='testcase'>test_message_newest_comment: 留言板最新页评论区</div></td>
    <td colspan='5' align='center'>pass</td>
</tr>

<tr id='ft3.3' class='none'>
    <td class='errorCase'><div class='testcase'>test_message_newest_drop_down: 留言板最新下拉底部测试</div></td>
    <td colspan='5' align='center'>

    <!--css div popup start-->
    <a class="popup_link" onfocus='this.blur();' href="javascript:showTestDetail('div_ft3.3')" >
        error</a>

    <div id='div_ft3.3' class="popup_window">
        <div style='text-align: right; color:red;cursor:pointer'>
        <a onfocus='this.blur();' onclick="document.getElementById('div_ft3.3').style.display = 'none' " >
           [x]</a>
        </div>
        <pre>
        
ft3.3: Traceback (most recent call last):
  File "G:\pycharm\PycharmProjects\wapTest\case\testMessageBoard.py", line 44, in test_message_newest_drop_down
    self.Utils.click((By.XPATH,"//section[@class='cmr-ar-msg']/div[last()]/a"))
  File "G:\pycharm\PycharmProjects\wapTest\common\Utils.py", line 25, in click
    ele.click()
  File "G:\Python36\lib\site-packages\selenium\webdriver\remote\webelement.py", line 80, in click
    self._execute(Command.CLICK_ELEMENT)
  File "G:\Python36\lib\site-packages\selenium\webdriver\remote\webelement.py", line 633, in _execute
    return self._parent.execute(command, params)
  File "G:\Python36\lib\site-packages\selenium\webdriver\remote\webdriver.py", line 321, in execute
    self.error_handler.check_response(response)
  File "G:\Python36\lib\site-packages\selenium\webdriver\remote\errorhandler.py", line 242, in check_response
    raise exception_class(message, screen, stacktrace)
selenium.common.exceptions.WebDriverException: Message: unknown error: Element &lt;a href="/nap/p/hishomepage.jsp?z=1&amp;amp;ln=1273_16276_3801_1_380_L2&amp;amp;mbid=PGWQyJo4wDaIyjLm6TqJAQ%3D%3D&amp;amp;cm=M801005I&amp;amp;vt=3" class="cmr-ar-msgHead" data-reactid=".1.$plugincell16276.$16276.0.0.1.$11.0"&gt;...&lt;/a&gt; is not clickable at point (90, 529). Other element would receive the click: &lt;textarea placeholder="给作者大大留言~~~(5~2000字)" maxlength="2000" class="co-font-bigger cmr-mb-textarea symbol_textarea" style="height:2.333rem;line-height:2.333rem;padding:0 0.47rem;overflow:hidden;" data-reactid=".1.$plugincell16277.$16277.0.0.2.1"&gt;&lt;/textarea&gt;
  (Session info: chrome=72.0.3626.81)
  (Driver info: chromedriver=2.46.628402 (536cd7adbad73a3783fdc2cab92ab2ba7ec361e1),platform=Windows NT 10.0.17134 x86_64)



        </pre>
    </div>
    <!--css div popup end-->

    </td>
</tr>

<tr id='pt3.4' class='hiddenRow'>
    <td class='none'><div class='testcase'>test_message_newest_top: 留言板最新页面顶部测试</div></td>
    <td colspan='5' align='center'>pass</td>
</tr>

<tr class='passClass'>
    <td>testRewardList.testRewardList</td>
    <td>2</td>
    <td>2</td>
    <td>0</td>
    <td>0</td>
    <td><a href="javascript:showClassDetail('c4',2)">Detail</a></td>
</tr>

<tr id='pt4.1' class='hiddenRow'>
    <td class='none'><div class='testcase'>test_reward_book</div></td>
    <td colspan='5' align='center'>pass</td>
</tr>

<tr id='pt4.2' class='hiddenRow'>
    <td class='none'><div class='testcase'>test_reward_drop_down</div></td>
    <td colspan='5' align='center'>pass</td>
</tr>

<tr id='total_row'>
    <td>Total</td>
    <td>10</td>
    <td class="text text-success">5</td>
    <td class="text text-danger">0</td>
    <td class="text text-warning">5</td>
    <td>&nbsp;</td>
</tr>
</table>

<div id='ending'>&nbsp;</div>

</body>
</html>
